[2022-05-17 15:13:01] local.ERROR: There are no commands defined in the "ui" namespace. {"exception":"[object] (Symfony\\Component\\Console\\Exception\\NamespaceNotFoundException(code: 0): There are no commands defined in the \"ui\" namespace. at /home/grp_25/www/laraProject/vendor/symfony/console/Application.php:598)
[stacktrace]
#0 /home/grp_25/www/laraProject/vendor/symfony/console/Application.php(651): Symfony\\Component\\Console\\Application->findNamespace('ui')
#1 /home/grp_25/www/laraProject/vendor/symfony/console/Application.php(236): Symfony\\Component\\Console\\Application->find('ui:auth')
#2 /home/grp_25/www/laraProject/vendor/symfony/console/Application.php(148): Symfony\\Component\\Console\\Application->doRun(Object(Symfony\\Component\\Console\\Input\\ArgvInput), Object(Symfony\\Component\\Console\\Output\\ConsoleOutput))
#3 /home/grp_25/www/laraProject/vendor/laravel/framework/src/Illuminate/Console/Application.php(93): Symfony\\Component\\Console\\Application->run(Object(Symfony\\Component\\Console\\Input\\ArgvInput), Object(Symfony\\Component\\Console\\Output\\ConsoleOutput))
#4 /home/grp_25/www/laraProject/vendor/laravel/framework/src/Illuminate/Foundation/Console/Kernel.php(131): Illuminate\\Console\\Application->run(Object(Symfony\\Component\\Console\\Input\\ArgvInput), Object(Symfony\\Component\\Console\\Output\\ConsoleOutput))
#5 /home/grp_25/www/laraProject/artisan(37): Illuminate\\Foundation\\Console\\Kernel->handle(Object(Symfony\\Component\\Console\\Input\\ArgvInput), Object(Symfony\\Component\\Console\\Output\\ConsoleOutput))
#6 {main}
"} 
[2022-05-17 15:20:17] local.ERROR: SQLSTATE[HY000] [1045] Access denied for user 'root'@'localhost' (using password: NO) (SQL: delete from `password_resets` where `created_at` < 2022-05-17 14:20:17) {"exception":"[object] (Illuminate\\Database\\QueryException(code: 1045): SQLSTATE[HY000] [1045] Access denied for user 'root'@'localhost' (using password: NO) (SQL: delete from `password_resets` where `created_at` < 2022-05-17 14:20:17) at /home/grp_25/www/laraProject/vendor/laravel/framework/src/Illuminate/Database/Connection.php:669)
[stacktrace]
#0 /home/grp_25/www/laraProject/vendor/laravel/framework/src/Illuminate/Database/Connection.php(629): Illuminate\\Database\\Connection->runQueryCallback('delete from `pa...', Array, Object(Closure))
#1 /home/grp_25/www/laraProject/vendor/laravel/framework/src/Illuminate/Database/Connection.php(495): Illuminate\\Database\\Connection->run('delete from `pa...', Array, Object(Closure))
#2 /home/grp_25/www/laraProject/vendor/laravel/framework/src/Illuminate/Database/Connection.php(440): Illuminate\\Database\\Connection->affectingStatement('delete from `pa...', Array)
#3 /home/grp_25/www/laraProject/vendor/laravel/framework/src/Illuminate/Database/Query/Builder.php(2790): Illuminate\\Database\\Connection->delete('delete from `pa...', Array)
#4 /home/grp_25/www/laraProject/vendor/laravel/framework/src/Illuminate/Auth/Passwords/DatabaseTokenRepository.php(204): Illuminate\\Database\\Query\\Builder->delete()
#5 /home/grp_25/www/laraProject/vendor/laravel/framework/src/Illuminate/Auth/Console/ClearResetsCommand.php(30): Illuminate\\Auth\\Passwords\\DatabaseTokenRepository->deleteExpired()
#6 [internal function]: Illuminate\\Auth\\Console\\ClearResetsCommand->handle()
#7 /home/grp_25/www/laraProject/vendor/laravel/framework/src/Illuminate/Container/BoundMethod.php(32): call_user_func_array(Array, Array)
#8 /home/grp_25/www/laraProject/vendor/laravel/framework/src/Illuminate/Container/Util.php(36): Illuminate\\Container\\BoundMethod::Illuminate\\Container\\{closure}()
#9 /home/grp_25/www/laraProject/vendor/laravel/framework/src/Illuminate/Container/BoundMethod.php(90): Illuminate\\Container\\Util::unwrapIfClosure(Object(Closure))
#10 /home/grp_25/www/laraProject/vendor/laravel/framework/src/Illuminate/Container/BoundMethod.php(34): Illuminate\\Container\\BoundMethod::callBoundMethod(Object(Illuminate\\Foundation\\Application), Array, Object(Closure))
#11 /home/grp_25/www/laraProject/vendor/laravel/framework/src/Illuminate/Container/Container.php(590): Illuminate\\Container\\BoundMethod::call(Object(Illuminate\\Foundation\\Application), Array, Array, NULL)
#12 /home/grp_25/www/laraProject/vendor/laravel/framework/src/Illuminate/Console/Command.php(201): Illuminate\\Container\\Container->call(Array)
#13 /home/grp_25/www/laraProject/vendor/symfony/console/Command/Command.php(255): Illuminate\\Console\\Command->execute(Object(Symfony\\Component\\Console\\Input\\ArgvInput), Object(Illuminate\\Console\\OutputStyle))
#14 /home/grp_25/www/laraProject/vendor/laravel/framework/src/Illuminate/Console/Command.php(188): Symfony\\Component\\Console\\Command\\Command->run(Object(Symfony\\Component\\Console\\Input\\ArgvInput), Object(Illuminate\\Console\\OutputStyle))
#15 /home/grp_25/www/laraProject/vendor/symfony/console/Application.php(1012): Illuminate\\Console\\Command->run(Object(Symfony\\Component\\Console\\Input\\ArgvInput), Object(Symfony\\Component\\Console\\Output\\ConsoleOutput))
#16 /home/grp_25/www/laraProject/vendor/symfony/console/Application.php(272): Symfony\\Component\\Console\\Application->doRunCommand(Object(Illuminate\\Auth\\Console\\ClearResetsCommand), Object(Symfony\\Component\\Console\\Input\\ArgvInput), Object(Symfony\\Component\\Console\\Output\\ConsoleOutput))
#17 /home/grp_25/www/laraProject/vendor/symfony/console/Application.php(148): Symfony\\Component\\Console\\Application->doRun(Object(Symfony\\Component\\Console\\Input\\ArgvInput), Object(Symfony\\Component\\Console\\Output\\ConsoleOutput))
#18 /home/grp_25/www/laraProject/vendor/laravel/framework/src/Illuminate/Console/Application.php(93): Symfony\\Component\\Console\\Application->run(Object(Symfony\\Component\\Console\\Input\\ArgvInput), Object(Symfony\\Component\\Console\\Output\\ConsoleOutput))
#19 /home/grp_25/www/laraProject/vendor/laravel/framework/src/Illuminate/Foundation/Console/Kernel.php(131): Illuminate\\Console\\Application->run(Object(Symfony\\Component\\Console\\Input\\ArgvInput), Object(Symfony\\Component\\Console\\Output\\ConsoleOutput))
#20 /home/grp_25/www/laraProject/artisan(37): Illuminate\\Foundation\\Console\\Kernel->handle(Object(Symfony\\Component\\Console\\Input\\ArgvInput), Object(Symfony\\Component\\Console\\Output\\ConsoleOutput))
#21 {main}

[previous exception] [object] (PDOException(code: 1045): SQLSTATE[HY000] [1045] Access denied for user 'root'@'localhost' (using password: NO) at /home/grp_25/www/laraProject/vendor/laravel/framework/src/Illuminate/Database/Connectors/Connector.php:70)
[stacktrace]
#0 /home/grp_25/www/laraProject/vendor/laravel/framework/src/Illuminate/Database/Connectors/Connector.php(70): PDO->__construct('mysql:host=127....', 'root', '', Array)
#1 /home/grp_25/www/laraProject/vendor/laravel/framework/src/Illuminate/Database/Connectors/Connector.php(46): Illuminate\\Database\\Connectors\\Connector->createPdoConnection('mysql:host=127....', 'root', '', Array)
#2 /home/grp_25/www/laraProject/vendor/laravel/framework/src/Illuminate/Database/Connectors/MySqlConnector.php(24): Illuminate\\Database\\Connectors\\Connector->createConnection('mysql:host=127....', Array, Array)
#3 /home/grp_25/www/laraProject/vendor/laravel/framework/src/Illuminate/Database/Connectors/ConnectionFactory.php(182): Illuminate\\Database\\Connectors\\MySqlConnector->connect(Array)
#4 [internal function]: Illuminate\\Database\\Connectors\\ConnectionFactory->Illuminate\\Database\\Connectors\\{closure}()
#5 /home/grp_25/www/laraProject/vendor/laravel/framework/src/Illuminate/Database/Connection.php(924): call_user_func(Object(Closure))
#6 /home/grp_25/www/laraProject/vendor/laravel/framework/src/Illuminate/Database/Connection.php(484): Illuminate\\Database\\Connection->getPdo()
#7 /home/grp_25/www/laraProject/vendor/laravel/framework/src/Illuminate/Database/Connection.php(662): Illuminate\\Database\\Connection->Illuminate\\Database\\{closure}('delete from `pa...', Array)
#8 /home/grp_25/www/laraProject/vendor/laravel/framework/src/Illuminate/Database/Connection.php(629): Illuminate\\Database\\Connection->runQueryCallback('delete from `pa...', Array, Object(Closure))
#9 /home/grp_25/www/laraProject/vendor/laravel/framework/src/Illuminate/Database/Connection.php(495): Illuminate\\Database\\Connection->run('delete from `pa...', Array, Object(Closure))
#10 /home/grp_25/www/laraProject/vendor/laravel/framework/src/Illuminate/Database/Connection.php(440): Illuminate\\Database\\Connection->affectingStatement('delete from `pa...', Array)
#11 /home/grp_25/www/laraProject/vendor/laravel/framework/src/Illuminate/Database/Query/Builder.php(2790): Illuminate\\Database\\Connection->delete('delete from `pa...', Array)
#12 /home/grp_25/www/laraProject/vendor/laravel/framework/src/Illuminate/Auth/Passwords/DatabaseTokenRepository.php(204): Illuminate\\Database\\Query\\Builder->delete()
#13 /home/grp_25/www/laraProject/vendor/laravel/framework/src/Illuminate/Auth/Console/ClearResetsCommand.php(30): Illuminate\\Auth\\Passwords\\DatabaseTokenRepository->deleteExpired()
#14 [internal function]: Illuminate\\Auth\\Console\\ClearResetsCommand->handle()
#15 /home/grp_25/www/laraProject/vendor/laravel/framework/src/Illuminate/Container/BoundMethod.php(32): call_user_func_array(Array, Array)
#16 /home/grp_25/www/laraProject/vendor/laravel/framework/src/Illuminate/Container/Util.php(36): Illuminate\\Container\\BoundMethod::Illuminate\\Container\\{closure}()
#17 /home/grp_25/www/laraProject/vendor/laravel/framework/src/Illuminate/Container/BoundMethod.php(90): Illuminate\\Container\\Util::unwrapIfClosure(Object(Closure))
#18 /home/grp_25/www/laraProject/vendor/laravel/framework/src/Illuminate/Container/BoundMethod.php(34): Illuminate\\Container\\BoundMethod::callBoundMethod(Object(Illuminate\\Foundation\\Application), Array, Object(Closure))
#19 /home/grp_25/www/laraProject/vendor/laravel/framework/src/Illuminate/Container/Container.php(590): Illuminate\\Container\\BoundMethod::call(Object(Illuminate\\Foundation\\Application), Array, Array, NULL)
#20 /home/grp_25/www/laraProject/vendor/laravel/framework/src/Illuminate/Console/Command.php(201): Illuminate\\Container\\Container->call(Array)
#21 /home/grp_25/www/laraProject/vendor/symfony/console/Command/Command.php(255): Illuminate\\Console\\Command->execute(Object(Symfony\\Component\\Console\\Input\\ArgvInput), Object(Illuminate\\Console\\OutputStyle))
#22 /home/grp_25/www/laraProject/vendor/laravel/framework/src/Illuminate/Console/Command.php(188): Symfony\\Component\\Console\\Command\\Command->run(Object(Symfony\\Component\\Console\\Input\\ArgvInput), Object(Illuminate\\Console\\OutputStyle))
#23 /home/grp_25/www/laraProject/vendor/symfony/console/Application.php(1012): Illuminate\\Console\\Command->run(Object(Symfony\\Component\\Console\\Input\\ArgvInput), Object(Symfony\\Component\\Console\\Output\\ConsoleOutput))
#24 /home/grp_25/www/laraProject/vendor/symfony/console/Application.php(272): Symfony\\Component\\Console\\Application->doRunCommand(Object(Illuminate\\Auth\\Console\\ClearResetsCommand), Object(Symfony\\Component\\Console\\Input\\ArgvInput), Object(Symfony\\Component\\Console\\Output\\ConsoleOutput))
#25 /home/grp_25/www/laraProject/vendor/symfony/console/Application.php(148): Symfony\\Component\\Console\\Application->doRun(Object(Symfony\\Component\\Console\\Input\\ArgvInput), Object(Symfony\\Component\\Console\\Output\\ConsoleOutput))
#26 /home/grp_25/www/laraProject/vendor/laravel/framework/src/Illuminate/Console/Application.php(93): Symfony\\Component\\Console\\Application->run(Object(Symfony\\Component\\Console\\Input\\ArgvInput), Object(Symfony\\Component\\Console\\Output\\ConsoleOutput))
#27 /home/grp_25/www/laraProject/vendor/laravel/framework/src/Illuminate/Foundation/Console/Kernel.php(131): Illuminate\\Console\\Application->run(Object(Symfony\\Component\\Console\\Input\\ArgvInput), Object(Symfony\\Component\\Console\\Output\\ConsoleOutput))
#28 /home/grp_25/www/laraProject/artisan(37): Illuminate\\Foundation\\Console\\Kernel->handle(Object(Symfony\\Component\\Console\\Input\\ArgvInput), Object(Symfony\\Component\\Console\\Output\\ConsoleOutput))
#29 {main}
"} 
[2022-05-17 15:22:00] local.ERROR: There are no commands defined in the "ui" namespace. {"exception":"[object] (Symfony\\Component\\Console\\Exception\\NamespaceNotFoundException(code: 0): There are no commands defined in the \"ui\" namespace. at /home/grp_25/www/laraProject/vendor/symfony/console/Application.php:598)
[stacktrace]
#0 /home/grp_25/www/laraProject/vendor/symfony/console/Application.php(651): Symfony\\Component\\Console\\Application->findNamespace('ui')
#1 /home/grp_25/www/laraProject/vendor/symfony/console/Application.php(236): Symfony\\Component\\Console\\Application->find('ui:auth')
#2 /home/grp_25/www/laraProject/vendor/symfony/console/Application.php(148): Symfony\\Component\\Console\\Application->doRun(Object(Symfony\\Component\\Console\\Input\\ArgvInput), Object(Symfony\\Component\\Console\\Output\\ConsoleOutput))
#3 /home/grp_25/www/laraProject/vendor/laravel/framework/src/Illuminate/Console/Application.php(93): Symfony\\Component\\Console\\Application->run(Object(Symfony\\Component\\Console\\Input\\ArgvInput), Object(Symfony\\Component\\Console\\Output\\ConsoleOutput))
#4 /home/grp_25/www/laraProject/vendor/laravel/framework/src/Illuminate/Foundation/Console/Kernel.php(131): Illuminate\\Console\\Application->run(Object(Symfony\\Component\\Console\\Input\\ArgvInput), Object(Symfony\\Component\\Console\\Output\\ConsoleOutput))
#5 /home/grp_25/www/laraProject/artisan(37): Illuminate\\Foundation\\Console\\Kernel->handle(Object(Symfony\\Component\\Console\\Input\\ArgvInput), Object(Symfony\\Component\\Console\\Output\\ConsoleOutput))
#6 {main}
"} 
